[debug] [2021-05-25T22:43:50.502Z] ----------------------------------------------------------------------
[debug] [2021-05-25T22:43:50.504Z] Command:       /usr/local/bin/node /usr/local/bin/firebase init
[debug] [2021-05-25T22:43:50.504Z] CLI Version:   9.11.0
[debug] [2021-05-25T22:43:50.504Z] Platform:      darwin
[debug] [2021-05-25T22:43:50.504Z] Node Version:  v15.12.0
[debug] [2021-05-25T22:43:50.506Z] Time:          Tue May 25 2021 15:43:50 GMT-0700 (Pacific Daylight Time)
[debug] [2021-05-25T22:43:50.506Z] ----------------------------------------------------------------------
[debug] 
[debug] [2021-05-25T22:43:50.510Z] >>> [apiv2][query] GET https://firebase-public.firebaseio.com/cli.json [none]
[debug] [2021-05-25T22:43:50.529Z] > command requires scopes: ["email","openid","https://www.googleapis.com/auth/cloudplatformprojects.readonly","https://www.googleapis.com/auth/firebase","https://www.googleapis.com/auth/cloud-platform"]
[debug] [2021-05-25T22:43:50.529Z] > authorizing via signed-in user (jliang619830@gmail.com)
[info] 
     ######## #### ########  ######## ########     ###     ######  ########
     ##        ##  ##     ## ##       ##     ##  ##   ##  ##       ##
     ######    ##  ########  ######   ########  #########  ######  ######
     ##        ##  ##    ##  ##       ##     ## ##     ##       ## ##
     ##       #### ##     ## ######## ########  ##     ##  ######  ########

You're about to initialize a Firebase project in this directory:

  /Users/jliang/Documents/React/amazon-clone

Before we get started, keep in mind:

  * You are initializing in an existing Firebase project directory

[debug] [2021-05-25T22:43:50.854Z] <<< [apiv2][status] GET https://firebase-public.firebaseio.com/cli.json 200
[debug] [2021-05-25T22:43:50.854Z] <<< [apiv2][body] GET https://firebase-public.firebaseio.com/cli.json {"cloudBuildErrorAfter":1594252800000,"cloudBuildWarnAfter":1590019200000,"defaultNode10After":1594252800000,"minVersion":"3.0.5","node8DeploysDisabledAfter":1613390400000,"node8RuntimeDisabledAfter":1615809600000,"node8WarnAfter":1600128000000}
